<?xml version="1.0" encoding="UTF-8"?>
<testng-results ignored="0" total="2" passed="2" failed="0" skipped="0">
  <reporter-output>
  </reporter-output>
  <suite started-at="2021-08-16T20:25:11 IST" name="Default suite" finished-at="2021-08-16T20:25:31 IST" duration-ms="19947">
    <groups>
    </groups>
    <test started-at="2021-08-16T20:25:11 IST" name="Default test" finished-at="2021-08-16T20:25:31 IST" duration-ms="19947">
      <class name="ExtentsReports.ExtentsReports.FirstClass">
        <test-method is-config="true" signature="setTest()[pri:0, instance:ExtentsReports.ExtentsReports.FirstClass@2e4b8173]" started-at="2021-08-16T20:25:11 IST" name="setTest" finished-at="2021-08-16T20:25:11 IST" duration-ms="255" status="PASS">
          <reporter-output>
          </reporter-output>
        </test-method> <!-- setTest -->
        <test-method is-config="true" signature="Setup()[pri:0, instance:ExtentsReports.ExtentsReports.FirstClass@2e4b8173]" started-at="2021-08-16T20:25:11 IST" name="Setup" finished-at="2021-08-16T20:25:20 IST" duration-ms="8950" status="PASS">
          <reporter-output>
          </reporter-output>
        </test-method> <!-- Setup -->
        <test-method signature="TitleTest()[pri:0, instance:ExtentsReports.ExtentsReports.FirstClass@2e4b8173]" started-at="2021-08-16T20:25:20 IST" name="TitleTest" finished-at="2021-08-16T20:25:20 IST" duration-ms="38" status="PASS">
          <reporter-output>
          </reporter-output>
        </test-method> <!-- TitleTest -->
        <test-method is-config="true" signature="teardown(org.testng.ITestResult)[pri:0, instance:ExtentsReports.ExtentsReports.FirstClass@2e4b8173]" started-at="2021-08-16T20:25:20 IST" name="teardown" finished-at="2021-08-16T20:25:20 IST" duration-ms="20" status="PASS">
          <params>
            <param index="0">
              <value>
                <![CDATA[[TestResult name=TitleTest status=SUCCESS method=FirstClass.TitleTest()[pri:0, instance:ExtentsReports.ExtentsReports.FirstClass@2e4b8173] output={null}]]]>
              </value>
            </param>
          </params>
          <reporter-output>
          </reporter-output>
        </test-method> <!-- teardown -->
        <test-method is-config="true" signature="Setup()[pri:0, instance:ExtentsReports.ExtentsReports.FirstClass@2e4b8173]" started-at="2021-08-16T20:25:20 IST" name="Setup" finished-at="2021-08-16T20:25:28 IST" duration-ms="8050" status="PASS">
          <reporter-output>
          </reporter-output>
        </test-method> <!-- Setup -->
        <test-method signature="TitleTest1()[pri:0, instance:ExtentsReports.ExtentsReports.FirstClass@2e4b8173]" started-at="2021-08-16T20:25:28 IST" name="TitleTest1" finished-at="2021-08-16T20:25:30 IST" duration-ms="1873" status="PASS">
          <reporter-output>
          </reporter-output>
        </test-method> <!-- TitleTest1 -->
        <test-method is-config="true" signature="teardown(org.testng.ITestResult)[pri:0, instance:ExtentsReports.ExtentsReports.FirstClass@2e4b8173]" started-at="2021-08-16T20:25:30 IST" name="teardown" finished-at="2021-08-16T20:25:30 IST" duration-ms="0" status="PASS">
          <params>
            <param index="0">
              <value>
                <![CDATA[[TestResult name=TitleTest1 status=SUCCESS method=FirstClass.TitleTest1()[pri:0, instance:ExtentsReports.ExtentsReports.FirstClass@2e4b8173] output={null}]]]>
              </value>
            </param>
          </params>
          <reporter-output>
          </reporter-output>
        </test-method> <!-- teardown -->
        <test-method is-config="true" signature="EndReport()[pri:0, instance:ExtentsReports.ExtentsReports.FirstClass@2e4b8173]" started-at="2021-08-16T20:25:30 IST" name="EndReport" finished-at="2021-08-16T20:25:31 IST" duration-ms="716" status="PASS">
          <reporter-output>
          </reporter-output>
        </test-method> <!-- EndReport -->
      </class> <!-- ExtentsReports.ExtentsReports.FirstClass -->
    </test> <!-- Default test -->
  </suite> <!-- Default suite -->
</testng-results>
